  graphicsclass.cpp
C:\Users\Ditit\OneDrive\Escritorio\Abdias\7_Semestre\Materias\Gráficas Computacionales 1\PF_GC1\GraficasComputacionales\GraficasComputacionales\Imagenes.h(61,26): warning C4101: 'e': variable local sin referencia
C:\Users\Ditit\OneDrive\Escritorio\Abdias\7_Semestre\Materias\Gráficas Computacionales 1\PF_GC1\GraficasComputacionales\GraficasComputacionales\Imagenes.h(80,28): warning C4101: 'e': variable local sin referencia
C:\Users\Ditit\OneDrive\Escritorio\Abdias\7_Semestre\Materias\Gráficas Computacionales 1\PF_GC1\GraficasComputacionales\GraficasComputacionales\Geometrias.h(52,18): warning C4244: '=': conversión de 'unsigned int' a 'float'; posible pérdida de datos
C:\Users\Ditit\OneDrive\Escritorio\Abdias\7_Semestre\Materias\Gráficas Computacionales 1\PF_GC1\GraficasComputacionales\GraficasComputacionales\Geometrias.h(53,17): warning C4244: '=': conversión de 'unsigned int' a 'float'; posible pérdida de datos
C:\Users\Ditit\OneDrive\Escritorio\Abdias\7_Semestre\Materias\Gráficas Computacionales 1\PF_GC1\GraficasComputacionales\GraficasComputacionales\Geometrias.h(80,41): warning C4244: '=': conversión de 'double' a 'float'; posible pérdida de datos
C:\Users\Ditit\OneDrive\Escritorio\Abdias\7_Semestre\Materias\Gráficas Computacionales 1\PF_GC1\GraficasComputacionales\GraficasComputacionales\Geometrias.h(91,40): warning C4244: '=': conversión de 'double' a 'float'; posible pérdida de datos
C:\Users\Ditit\OneDrive\Escritorio\Abdias\7_Semestre\Materias\Gráficas Computacionales 1\PF_GC1\GraficasComputacionales\GraficasComputacionales\Geometrias.h(102,40): warning C4244: '=': conversión de 'double' a 'float'; posible pérdida de datos
C:\Users\Ditit\OneDrive\Escritorio\Abdias\7_Semestre\Materias\Gráficas Computacionales 1\PF_GC1\GraficasComputacionales\GraficasComputacionales\Geometrias.h(54,9): warning C4101: 'aux': variable local sin referencia
C:\Users\Ditit\OneDrive\Escritorio\Abdias\7_Semestre\Materias\Gráficas Computacionales 1\PF_GC1\GraficasComputacionales\GraficasComputacionales\Geometrias.h(144,131): warning C4244: '=': conversión de 'double' a 'float'; posible pérdida de datos
C:\Users\Ditit\OneDrive\Escritorio\Abdias\7_Semestre\Materias\Gráficas Computacionales 1\PF_GC1\GraficasComputacionales\GraficasComputacionales\Geometrias.h(146,40): warning C4244: '=': conversión de 'double' a 'float'; posible pérdida de datos
C:\Users\Ditit\OneDrive\Escritorio\Abdias\7_Semestre\Materias\Gráficas Computacionales 1\PF_GC1\GraficasComputacionales\GraficasComputacionales\Geometrias.h(147,131): warning C4244: '=': conversión de 'double' a 'float'; posible pérdida de datos
C:\Users\Ditit\OneDrive\Escritorio\Abdias\7_Semestre\Materias\Gráficas Computacionales 1\PF_GC1\GraficasComputacionales\GraficasComputacionales\Geometrias.h(150,124): warning C4244: '=': conversión de 'double' a 'float'; posible pérdida de datos
C:\Users\Ditit\OneDrive\Escritorio\Abdias\7_Semestre\Materias\Gráficas Computacionales 1\PF_GC1\GraficasComputacionales\GraficasComputacionales\Geometrias.h(152,38): warning C4244: '=': conversión de 'double' a 'float'; posible pérdida de datos
C:\Users\Ditit\OneDrive\Escritorio\Abdias\7_Semestre\Materias\Gráficas Computacionales 1\PF_GC1\GraficasComputacionales\GraficasComputacionales\Geometrias.h(153,124): warning C4244: '=': conversión de 'double' a 'float'; posible pérdida de datos
C:\Users\Ditit\OneDrive\Escritorio\Abdias\7_Semestre\Materias\Gráficas Computacionales 1\PF_GC1\GraficasComputacionales\GraficasComputacionales\Geometrias.h(156,40): warning C4244: '=': conversión de 'double' a 'float'; posible pérdida de datos
C:\Users\Ditit\OneDrive\Escritorio\Abdias\7_Semestre\Materias\Gráficas Computacionales 1\PF_GC1\GraficasComputacionales\GraficasComputacionales\Geometrias.h(157,40): warning C4244: '=': conversión de 'double' a 'float'; posible pérdida de datos
C:\Users\Ditit\OneDrive\Escritorio\Abdias\7_Semestre\Materias\Gráficas Computacionales 1\PF_GC1\GraficasComputacionales\GraficasComputacionales\Geometrias.h(303,59): warning C4244: '=': conversión de 'double' a 'float'; posible pérdida de datos
C:\Users\Ditit\OneDrive\Escritorio\Abdias\7_Semestre\Materias\Gráficas Computacionales 1\PF_GC1\GraficasComputacionales\GraficasComputacionales\Geometrias.h(304,78): warning C4244: '=': conversión de 'double' a 'float'; posible pérdida de datos
C:\Users\Ditit\OneDrive\Escritorio\Abdias\7_Semestre\Materias\Gráficas Computacionales 1\PF_GC1\GraficasComputacionales\GraficasComputacionales\Geometrias.h(305,59): warning C4244: '=': conversión de 'double' a 'float'; posible pérdida de datos
C:\Users\Ditit\OneDrive\Escritorio\Abdias\7_Semestre\Materias\Gráficas Computacionales 1\PF_GC1\GraficasComputacionales\GraficasComputacionales\Billboard.h(195,21): warning C4244: '=': conversión de 'double' a 'float'; posible pérdida de datos
C:\Users\Ditit\OneDrive\Escritorio\Abdias\7_Semestre\Materias\Gráficas Computacionales 1\PF_GC1\GraficasComputacionales\GraficasComputacionales\Modelos.h(48,51): warning C4244: 'argumento': conversión de 'float' a 'GLenum'; posible pérdida de datos
C:\Users\Ditit\OneDrive\Escritorio\Abdias\7_Semestre\Materias\Gráficas Computacionales 1\PF_GC1\GraficasComputacionales\GraficasComputacionales\Modelos.h(74,51): warning C4244: 'argumento': conversión de 'float' a 'GLenum'; posible pérdida de datos
C:\Users\Ditit\OneDrive\Escritorio\Abdias\7_Semestre\Materias\Gráficas Computacionales 1\PF_GC1\GraficasComputacionales\GraficasComputacionales\Modelos.h(100,51): warning C4244: 'argumento': conversión de 'float' a 'GLenum'; posible pérdida de datos
C:\Users\Ditit\OneDrive\Escritorio\Abdias\7_Semestre\Materias\Gráficas Computacionales 1\PF_GC1\GraficasComputacionales\GraficasComputacionales\Modelos.h(313,21): warning C4018: '<': no coinciden signed/unsigned
C:\Users\Ditit\OneDrive\Escritorio\Abdias\7_Semestre\Materias\Gráficas Computacionales 1\PF_GC1\GraficasComputacionales\GraficasComputacionales\Modelos.h(333,21): warning C4018: '<': no coinciden signed/unsigned
C:\Users\Ditit\OneDrive\Escritorio\Abdias\7_Semestre\Materias\Gráficas Computacionales 1\PF_GC1\GraficasComputacionales\GraficasComputacionales\Modelos.h(343,21): warning C4018: '<': no coinciden signed/unsigned
C:\Users\Ditit\OneDrive\Escritorio\Abdias\7_Semestre\Materias\Gráficas Computacionales 1\PF_GC1\GraficasComputacionales\GraficasComputacionales\Modelos.h(406,1): warning C4305: '=': truncamiento de 'double' a 'float'
C:\Users\Ditit\OneDrive\Escritorio\Abdias\7_Semestre\Materias\Gráficas Computacionales 1\PF_GC1\GraficasComputacionales\GraficasComputacionales\graphicsclass.h(101,21): warning C4244: '=': conversión de 'double' a 'float'; posible pérdida de datos
C:\Users\Ditit\OneDrive\Escritorio\Abdias\7_Semestre\Materias\Gráficas Computacionales 1\PF_GC1\GraficasComputacionales\GraficasComputacionales\graphicsclass.cpp(223,9): warning C4068: pragma "enregion" desconocida
C:\Users\Ditit\OneDrive\Escritorio\Abdias\7_Semestre\Materias\Gráficas Computacionales 1\PF_GC1\GraficasComputacionales\GraficasComputacionales\graphicsclass.cpp(704,19): warning C4305: '+=': truncamiento de 'double' a 'float'
  GraficasComputacionales.vcxproj -> C:\Users\Ditit\OneDrive\Escritorio\Abdias\7_Semestre\Materias\Gráficas Computacionales 1\PF_GC1\GraficasComputacionales\Debug\GraficasComputacionales.exe
